<?xml version="1.0" encoding="UTF-8"?>
<testsuite xmlns:xsi="http://www.w3.org/2001/XMLSchema-instance" xsi:noNamespaceSchemaLocation="https://maven.apache.org/surefire/maven-surefire-plugin/xsd/surefire-test-report.xsd" name="com.itheima.test.UploadFileTest" time="0.024" tests="1" errors="0" skipped="0" failures="0">
  <properties>
    <property name="sun.desktop" value="windows"/>
    <property name="awt.toolkit" value="sun.awt.windows.WToolkit"/>
    <property name="file.encoding.pkg" value="sun.io"/>
    <property name="java.specification.version" value="1.8"/>
    <property name="sun.cpu.isalist" value="amd64"/>
    <property name="sun.jnu.encoding" value="GBK"/>
    <property name="java.class.path" value="E:\java项目\SpringBoot瑞吉外卖\reggie_take_out\target\test-classes;E:\java项目\SpringBoot瑞吉外卖\reggie_take_out\target\classes;F:\develop\apache-maven-3.6.0-bin\mvn_repositry\mvn_repository\org\springframework\boot\spring-boot-starter\2.4.5\spring-boot-starter-2.4.5.jar;F:\develop\apache-maven-3.6.0-bin\mvn_repositry\mvn_repository\org\springframework\boot\spring-boot\2.4.5\spring-boot-2.4.5.jar;F:\develop\apache-maven-3.6.0-bin\mvn_repositry\mvn_repository\org\springframework\spring-context\5.3.6\spring-context-5.3.6.jar;F:\develop\apache-maven-3.6.0-bin\mvn_repositry\mvn_repository\org\springframework\boot\spring-boot-autoconfigure\2.4.5\spring-boot-autoconfigure-2.4.5.jar;F:\develop\apache-maven-3.6.0-bin\mvn_repositry\mvn_repository\org\springframework\boot\spring-boot-starter-logging\2.4.5\spring-boot-starter-logging-2.4.5.jar;F:\develop\apache-maven-3.6.0-bin\mvn_repositry\mvn_repository\ch\qos\logback\logback-classic\1.2.3\logback-classic-1.2.3.jar;F:\develop\apache-maven-3.6.0-bin\mvn_repositry\mvn_repository\ch\qos\logback\logback-core\1.2.3\logback-core-1.2.3.jar;F:\develop\apache-maven-3.6.0-bin\mvn_repositry\mvn_repository\org\apache\logging\log4j\log4j-to-slf4j\2.13.3\log4j-to-slf4j-2.13.3.jar;F:\develop\apache-maven-3.6.0-bin\mvn_repositry\mvn_repository\org\apache\logging\log4j\log4j-api\2.13.3\log4j-api-2.13.3.jar;F:\develop\apache-maven-3.6.0-bin\mvn_repositry\mvn_repository\org\slf4j\jul-to-slf4j\1.7.30\jul-to-slf4j-1.7.30.jar;F:\develop\apache-maven-3.6.0-bin\mvn_repositry\mvn_repository\jakarta\annotation\jakarta.annotation-api\1.3.5\jakarta.annotation-api-1.3.5.jar;F:\develop\apache-maven-3.6.0-bin\mvn_repositry\mvn_repository\org\springframework\spring-core\5.3.6\spring-core-5.3.6.jar;F:\develop\apache-maven-3.6.0-bin\mvn_repositry\mvn_repository\org\springframework\spring-jcl\5.3.6\spring-jcl-5.3.6.jar;F:\develop\apache-maven-3.6.0-bin\mvn_repositry\mvn_repository\org\yaml\snakeyaml\1.27\snakeyaml-1.27.jar;F:\develop\apache-maven-3.6.0-bin\mvn_repositry\mvn_repository\org\springframework\boot\spring-boot-starter-test\2.4.5\spring-boot-starter-test-2.4.5.jar;F:\develop\apache-maven-3.6.0-bin\mvn_repositry\mvn_repository\org\springframework\boot\spring-boot-test\2.4.5\spring-boot-test-2.4.5.jar;F:\develop\apache-maven-3.6.0-bin\mvn_repositry\mvn_repository\org\springframework\boot\spring-boot-test-autoconfigure\2.4.5\spring-boot-test-autoconfigure-2.4.5.jar;F:\develop\apache-maven-3.6.0-bin\mvn_repositry\mvn_repository\com\jayway\jsonpath\json-path\2.4.0\json-path-2.4.0.jar;F:\develop\apache-maven-3.6.0-bin\mvn_repositry\mvn_repository\net\minidev\json-smart\2.3\json-smart-2.3.jar;F:\develop\apache-maven-3.6.0-bin\mvn_repositry\mvn_repository\net\minidev\accessors-smart\1.2\accessors-smart-1.2.jar;F:\develop\apache-maven-3.6.0-bin\mvn_repositry\mvn_repository\org\ow2\asm\asm\5.0.4\asm-5.0.4.jar;F:\develop\apache-maven-3.6.0-bin\mvn_repositry\mvn_repository\jakarta\xml\bind\jakarta.xml.bind-api\2.3.3\jakarta.xml.bind-api-2.3.3.jar;F:\develop\apache-maven-3.6.0-bin\mvn_repositry\mvn_repository\jakarta\activation\jakarta.activation-api\1.2.2\jakarta.activation-api-1.2.2.jar;F:\develop\apache-maven-3.6.0-bin\mvn_repositry\mvn_repository\org\assertj\assertj-core\3.18.1\assertj-core-3.18.1.jar;F:\develop\apache-maven-3.6.0-bin\mvn_repositry\mvn_repository\org\hamcrest\hamcrest\2.2\hamcrest-2.2.jar;F:\develop\apache-maven-3.6.0-bin\mvn_repositry\mvn_repository\org\junit\jupiter\junit-jupiter\5.7.1\junit-jupiter-5.7.1.jar;F:\develop\apache-maven-3.6.0-bin\mvn_repositry\mvn_repository\org\junit\jupiter\junit-jupiter-api\5.7.1\junit-jupiter-api-5.7.1.jar;F:\develop\apache-maven-3.6.0-bin\mvn_repositry\mvn_repository\org\apiguardian\apiguardian-api\1.1.0\apiguardian-api-1.1.0.jar;F:\develop\apache-maven-3.6.0-bin\mvn_repositry\mvn_repository\org\opentest4j\opentest4j\1.2.0\opentest4j-1.2.0.jar;F:\develop\apache-maven-3.6.0-bin\mvn_repositry\mvn_repository\org\junit\platform\junit-platform-commons\1.7.1\junit-platform-commons-1.7.1.jar;F:\develop\apache-maven-3.6.0-bin\mvn_repositry\mvn_repository\org\junit\jupiter\junit-jupiter-params\5.7.1\junit-jupiter-params-5.7.1.jar;F:\develop\apache-maven-3.6.0-bin\mvn_repositry\mvn_repository\org\junit\jupiter\junit-jupiter-engine\5.7.1\junit-jupiter-engine-5.7.1.jar;F:\develop\apache-maven-3.6.0-bin\mvn_repositry\mvn_repository\org\junit\platform\junit-platform-engine\1.7.1\junit-platform-engine-1.7.1.jar;F:\develop\apache-maven-3.6.0-bin\mvn_repositry\mvn_repository\org\mockito\mockito-core\3.6.28\mockito-core-3.6.28.jar;F:\develop\apache-maven-3.6.0-bin\mvn_repositry\mvn_repository\net\bytebuddy\byte-buddy\1.10.22\byte-buddy-1.10.22.jar;F:\develop\apache-maven-3.6.0-bin\mvn_repositry\mvn_repository\net\bytebuddy\byte-buddy-agent\1.10.22\byte-buddy-agent-1.10.22.jar;F:\develop\apache-maven-3.6.0-bin\mvn_repositry\mvn_repository\org\objenesis\objenesis\3.1\objenesis-3.1.jar;F:\develop\apache-maven-3.6.0-bin\mvn_repositry\mvn_repository\org\mockito\mockito-junit-jupiter\3.6.28\mockito-junit-jupiter-3.6.28.jar;F:\develop\apache-maven-3.6.0-bin\mvn_repositry\mvn_repository\org\skyscreamer\jsonassert\1.5.0\jsonassert-1.5.0.jar;F:\develop\apache-maven-3.6.0-bin\mvn_repositry\mvn_repository\com\vaadin\external\google\android-json\0.0.20131108.vaadin1\android-json-0.0.20131108.vaadin1.jar;F:\develop\apache-maven-3.6.0-bin\mvn_repositry\mvn_repository\org\springframework\spring-test\5.3.6\spring-test-5.3.6.jar;F:\develop\apache-maven-3.6.0-bin\mvn_repositry\mvn_repository\org\xmlunit\xmlunit-core\2.7.0\xmlunit-core-2.7.0.jar;F:\develop\apache-maven-3.6.0-bin\mvn_repositry\mvn_repository\org\springframework\boot\spring-boot-starter-web\2.4.5\spring-boot-starter-web-2.4.5.jar;F:\develop\apache-maven-3.6.0-bin\mvn_repositry\mvn_repository\org\springframework\boot\spring-boot-starter-json\2.4.5\spring-boot-starter-json-2.4.5.jar;F:\develop\apache-maven-3.6.0-bin\mvn_repositry\mvn_repository\com\fasterxml\jackson\core\jackson-databind\2.11.4\jackson-databind-2.11.4.jar;F:\develop\apache-maven-3.6.0-bin\mvn_repositry\mvn_repository\com\fasterxml\jackson\core\jackson-annotations\2.11.4\jackson-annotations-2.11.4.jar;F:\develop\apache-maven-3.6.0-bin\mvn_repositry\mvn_repository\com\fasterxml\jackson\core\jackson-core\2.11.4\jackson-core-2.11.4.jar;F:\develop\apache-maven-3.6.0-bin\mvn_repositry\mvn_repository\com\fasterxml\jackson\datatype\jackson-datatype-jdk8\2.11.4\jackson-datatype-jdk8-2.11.4.jar;F:\develop\apache-maven-3.6.0-bin\mvn_repositry\mvn_repository\com\fasterxml\jackson\datatype\jackson-datatype-jsr310\2.11.4\jackson-datatype-jsr310-2.11.4.jar;F:\develop\apache-maven-3.6.0-bin\mvn_repositry\mvn_repository\com\fasterxml\jackson\module\jackson-module-parameter-names\2.11.4\jackson-module-parameter-names-2.11.4.jar;F:\develop\apache-maven-3.6.0-bin\mvn_repositry\mvn_repository\org\springframework\boot\spring-boot-starter-tomcat\2.4.5\spring-boot-starter-tomcat-2.4.5.jar;F:\develop\apache-maven-3.6.0-bin\mvn_repositry\mvn_repository\org\apache\tomcat\embed\tomcat-embed-core\9.0.45\tomcat-embed-core-9.0.45.jar;F:\develop\apache-maven-3.6.0-bin\mvn_repositry\mvn_repository\org\glassfish\jakarta.el\3.0.3\jakarta.el-3.0.3.jar;F:\develop\apache-maven-3.6.0-bin\mvn_repositry\mvn_repository\org\apache\tomcat\embed\tomcat-embed-websocket\9.0.45\tomcat-embed-websocket-9.0.45.jar;F:\develop\apache-maven-3.6.0-bin\mvn_repositry\mvn_repository\org\springframework\spring-web\5.3.6\spring-web-5.3.6.jar;F:\develop\apache-maven-3.6.0-bin\mvn_repositry\mvn_repository\org\springframework\spring-beans\5.3.6\spring-beans-5.3.6.jar;F:\develop\apache-maven-3.6.0-bin\mvn_repositry\mvn_repository\org\springframework\spring-webmvc\5.3.6\spring-webmvc-5.3.6.jar;F:\develop\apache-maven-3.6.0-bin\mvn_repositry\mvn_repository\org\springframework\spring-aop\5.3.6\spring-aop-5.3.6.jar;F:\develop\apache-maven-3.6.0-bin\mvn_repositry\mvn_repository\org\springframework\spring-expression\5.3.6\spring-expression-5.3.6.jar;F:\develop\apache-maven-3.6.0-bin\mvn_repositry\mvn_repository\com\baomidou\mybatis-plus-boot-starter\3.4.2\mybatis-plus-boot-starter-3.4.2.jar;F:\develop\apache-maven-3.6.0-bin\mvn_repositry\mvn_repository\com\baomidou\mybatis-plus\3.4.2\mybatis-plus-3.4.2.jar;F:\develop\apache-maven-3.6.0-bin\mvn_repositry\mvn_repository\com\baomidou\mybatis-plus-extension\3.4.2\mybatis-plus-extension-3.4.2.jar;F:\develop\apache-maven-3.6.0-bin\mvn_repositry\mvn_repository\com\baomidou\mybatis-plus-core\3.4.2\mybatis-plus-core-3.4.2.jar;F:\develop\apache-maven-3.6.0-bin\mvn_repositry\mvn_repository\com\baomidou\mybatis-plus-annotation\3.4.2\mybatis-plus-annotation-3.4.2.jar;F:\develop\apache-maven-3.6.0-bin\mvn_repositry\mvn_repository\com\github\jsqlparser\jsqlparser\4.0\jsqlparser-4.0.jar;F:\develop\apache-maven-3.6.0-bin\mvn_repositry\mvn_repository\org\mybatis\mybatis\3.5.6\mybatis-3.5.6.jar;F:\develop\apache-maven-3.6.0-bin\mvn_repositry\mvn_repository\org\mybatis\mybatis-spring\2.0.5\mybatis-spring-2.0.5.jar;F:\develop\apache-maven-3.6.0-bin\mvn_repositry\mvn_repository\org\springframework\boot\spring-boot-starter-jdbc\2.4.5\spring-boot-starter-jdbc-2.4.5.jar;F:\develop\apache-maven-3.6.0-bin\mvn_repositry\mvn_repository\com\zaxxer\HikariCP\3.4.5\HikariCP-3.4.5.jar;F:\develop\apache-maven-3.6.0-bin\mvn_repositry\mvn_repository\org\springframework\spring-jdbc\5.3.6\spring-jdbc-5.3.6.jar;F:\develop\apache-maven-3.6.0-bin\mvn_repositry\mvn_repository\org\projectlombok\lombok\1.18.20\lombok-1.18.20.jar;F:\develop\apache-maven-3.6.0-bin\mvn_repositry\mvn_repository\com\alibaba\fastjson\1.2.76\fastjson-1.2.76.jar;F:\develop\apache-maven-3.6.0-bin\mvn_repositry\mvn_repository\commons-lang\commons-lang\2.6\commons-lang-2.6.jar;F:\develop\apache-maven-3.6.0-bin\mvn_repositry\mvn_repository\mysql\mysql-connector-java\8.0.23\mysql-connector-java-8.0.23.jar;F:\develop\apache-maven-3.6.0-bin\mvn_repositry\mvn_repository\com\alibaba\druid-spring-boot-starter\1.1.23\druid-spring-boot-starter-1.1.23.jar;F:\develop\apache-maven-3.6.0-bin\mvn_repositry\mvn_repository\com\alibaba\druid\1.1.23\druid-1.1.23.jar;F:\develop\apache-maven-3.6.0-bin\mvn_repositry\mvn_repository\org\slf4j\slf4j-api\1.7.30\slf4j-api-1.7.30.jar;F:\develop\apache-maven-3.6.0-bin\mvn_repositry\mvn_repository\com\aliyun\aliyun-java-sdk-core\4.5.16\aliyun-java-sdk-core-4.5.16.jar;F:\develop\apache-maven-3.6.0-bin\mvn_repositry\mvn_repository\com\google\code\gson\gson\2.8.6\gson-2.8.6.jar;F:\develop\apache-maven-3.6.0-bin\mvn_repositry\mvn_repository\org\apache\httpcomponents\httpclient\4.5.13\httpclient-4.5.13.jar;F:\develop\apache-maven-3.6.0-bin\mvn_repositry\mvn_repository\commons-codec\commons-codec\1.15\commons-codec-1.15.jar;F:\develop\apache-maven-3.6.0-bin\mvn_repositry\mvn_repository\org\apache\httpcomponents\httpcore\4.4.14\httpcore-4.4.14.jar;F:\develop\apache-maven-3.6.0-bin\mvn_repositry\mvn_repository\commons-logging\commons-logging\1.2\commons-logging-1.2.jar;F:\develop\apache-maven-3.6.0-bin\mvn_repositry\mvn_repository\javax\xml\bind\jaxb-api\2.3.1\jaxb-api-2.3.1.jar;F:\develop\apache-maven-3.6.0-bin\mvn_repositry\mvn_repository\javax\activation\javax.activation-api\1.2.0\javax.activation-api-1.2.0.jar;F:\develop\apache-maven-3.6.0-bin\mvn_repositry\mvn_repository\org\jacoco\org.jacoco.agent\0.8.6\org.jacoco.agent-0.8.6-runtime.jar;F:\develop\apache-maven-3.6.0-bin\mvn_repositry\mvn_repository\org\ini4j\ini4j\0.5.4\ini4j-0.5.4.jar;F:\develop\apache-maven-3.6.0-bin\mvn_repositry\mvn_repository\io\opentracing\opentracing-api\0.33.0\opentracing-api-0.33.0.jar;F:\develop\apache-maven-3.6.0-bin\mvn_repositry\mvn_repository\io\opentracing\opentracing-util\0.33.0\opentracing-util-0.33.0.jar;F:\develop\apache-maven-3.6.0-bin\mvn_repositry\mvn_repository\io\opentracing\opentracing-noop\0.33.0\opentracing-noop-0.33.0.jar;F:\develop\apache-maven-3.6.0-bin\mvn_repositry\mvn_repository\com\aliyun\aliyun-java-sdk-dysmsapi\2.1.0\aliyun-java-sdk-dysmsapi-2.1.0.jar;F:\develop\apache-maven-3.6.0-bin\mvn_repositry\mvn_repository\org\springframework\boot\spring-boot-starter-data-redis\2.4.5\spring-boot-starter-data-redis-2.4.5.jar;F:\develop\apache-maven-3.6.0-bin\mvn_repositry\mvn_repository\org\springframework\data\spring-data-redis\2.4.8\spring-data-redis-2.4.8.jar;F:\develop\apache-maven-3.6.0-bin\mvn_repositry\mvn_repository\org\springframework\data\spring-data-keyvalue\2.4.8\spring-data-keyvalue-2.4.8.jar;F:\develop\apache-maven-3.6.0-bin\mvn_repositry\mvn_repository\org\springframework\data\spring-data-commons\2.4.8\spring-data-commons-2.4.8.jar;F:\develop\apache-maven-3.6.0-bin\mvn_repositry\mvn_repository\org\springframework\spring-tx\5.3.6\spring-tx-5.3.6.jar;F:\develop\apache-maven-3.6.0-bin\mvn_repositry\mvn_repository\org\springframework\spring-oxm\5.3.6\spring-oxm-5.3.6.jar;F:\develop\apache-maven-3.6.0-bin\mvn_repositry\mvn_repository\io\lettuce\lettuce-core\6.0.4.RELEASE\lettuce-core-6.0.4.RELEASE.jar;F:\develop\apache-maven-3.6.0-bin\mvn_repositry\mvn_repository\io\netty\netty-common\4.1.63.Final\netty-common-4.1.63.Final.jar;F:\develop\apache-maven-3.6.0-bin\mvn_repositry\mvn_repository\io\netty\netty-handler\4.1.63.Final\netty-handler-4.1.63.Final.jar;F:\develop\apache-maven-3.6.0-bin\mvn_repositry\mvn_repository\io\netty\netty-resolver\4.1.63.Final\netty-resolver-4.1.63.Final.jar;F:\develop\apache-maven-3.6.0-bin\mvn_repositry\mvn_repository\io\netty\netty-buffer\4.1.63.Final\netty-buffer-4.1.63.Final.jar;F:\develop\apache-maven-3.6.0-bin\mvn_repositry\mvn_repository\io\netty\netty-codec\4.1.63.Final\netty-codec-4.1.63.Final.jar;F:\develop\apache-maven-3.6.0-bin\mvn_repositry\mvn_repository\io\netty\netty-transport\4.1.63.Final\netty-transport-4.1.63.Final.jar;F:\develop\apache-maven-3.6.0-bin\mvn_repositry\mvn_repository\io\projectreactor\reactor-core\3.4.5\reactor-core-3.4.5.jar;F:\develop\apache-maven-3.6.0-bin\mvn_repositry\mvn_repository\org\reactivestreams\reactive-streams\1.0.3\reactive-streams-1.0.3.jar;F:\develop\apache-maven-3.6.0-bin\mvn_repositry\mvn_repository\org\springframework\boot\spring-boot-starter-cache\2.4.5\spring-boot-starter-cache-2.4.5.jar;F:\develop\apache-maven-3.6.0-bin\mvn_repositry\mvn_repository\org\springframework\spring-context-support\5.3.6\spring-context-support-5.3.6.jar;F:\develop\apache-maven-3.6.0-bin\mvn_repositry\mvn_repository\com\github\xiaoymin\knife4j-spring-boot-starter\3.0.2\knife4j-spring-boot-starter-3.0.2.jar;F:\develop\apache-maven-3.6.0-bin\mvn_repositry\mvn_repository\com\github\xiaoymin\knife4j-spring-boot-autoconfigure\3.0.2\knife4j-spring-boot-autoconfigure-3.0.2.jar;F:\develop\apache-maven-3.6.0-bin\mvn_repositry\mvn_repository\com\github\xiaoymin\knife4j-spring\3.0.2\knife4j-spring-3.0.2.jar;F:\develop\apache-maven-3.6.0-bin\mvn_repositry\mvn_repository\com\github\xiaoymin\knife4j-annotations\3.0.2\knife4j-annotations-3.0.2.jar;F:\develop\apache-maven-3.6.0-bin\mvn_repositry\mvn_repository\io\swagger\swagger-annotations\1.5.22\swagger-annotations-1.5.22.jar;F:\develop\apache-maven-3.6.0-bin\mvn_repositry\mvn_repository\io\swagger\core\v3\swagger-annotations\2.1.2\swagger-annotations-2.1.2.jar;F:\develop\apache-maven-3.6.0-bin\mvn_repositry\mvn_repository\com\github\xiaoymin\knife4j-core\3.0.2\knife4j-core-3.0.2.jar;F:\develop\apache-maven-3.6.0-bin\mvn_repositry\mvn_repository\org\javassist\javassist\3.25.0-GA\javassist-3.25.0-GA.jar;F:\develop\apache-maven-3.6.0-bin\mvn_repositry\mvn_repository\io\springfox\springfox-swagger2\3.0.0\springfox-swagger2-3.0.0.jar;F:\develop\apache-maven-3.6.0-bin\mvn_repositry\mvn_repository\io\springfox\springfox-spi\3.0.0\springfox-spi-3.0.0.jar;F:\develop\apache-maven-3.6.0-bin\mvn_repositry\mvn_repository\io\springfox\springfox-schema\3.0.0\springfox-schema-3.0.0.jar;F:\develop\apache-maven-3.6.0-bin\mvn_repositry\mvn_repository\io\springfox\springfox-swagger-common\3.0.0\springfox-swagger-common-3.0.0.jar;F:\develop\apache-maven-3.6.0-bin\mvn_repositry\mvn_repository\io\springfox\springfox-spring-web\3.0.0\springfox-spring-web-3.0.0.jar;F:\develop\apache-maven-3.6.0-bin\mvn_repositry\mvn_repository\io\github\classgraph\classgraph\4.8.83\classgraph-4.8.83.jar;F:\develop\apache-maven-3.6.0-bin\mvn_repositry\mvn_repository\io\springfox\springfox-spring-webflux\3.0.0\springfox-spring-webflux-3.0.0.jar;F:\develop\apache-maven-3.6.0-bin\mvn_repositry\mvn_repository\org\mapstruct\mapstruct\1.3.1.Final\mapstruct-1.3.1.Final.jar;F:\develop\apache-maven-3.6.0-bin\mvn_repositry\mvn_repository\io\springfox\springfox-spring-webmvc\3.0.0\springfox-spring-webmvc-3.0.0.jar;F:\develop\apache-maven-3.6.0-bin\mvn_repositry\mvn_repository\io\springfox\springfox-core\3.0.0\springfox-core-3.0.0.jar;F:\develop\apache-maven-3.6.0-bin\mvn_repositry\mvn_repository\io\springfox\springfox-oas\3.0.0\springfox-oas-3.0.0.jar;F:\develop\apache-maven-3.6.0-bin\mvn_repositry\mvn_repository\io\swagger\core\v3\swagger-models\2.1.2\swagger-models-2.1.2.jar;F:\develop\apache-maven-3.6.0-bin\mvn_repositry\mvn_repository\io\springfox\springfox-bean-validators\3.0.0\springfox-bean-validators-3.0.0.jar;F:\develop\apache-maven-3.6.0-bin\mvn_repositry\mvn_repository\io\swagger\swagger-models\1.5.22\swagger-models-1.5.22.jar;F:\develop\apache-maven-3.6.0-bin\mvn_repositry\mvn_repository\io\swagger\swagger-core\1.5.22\swagger-core-1.5.22.jar;F:\develop\apache-maven-3.6.0-bin\mvn_repositry\mvn_repository\org\apache\commons\commons-lang3\3.11\commons-lang3-3.11.jar;F:\develop\apache-maven-3.6.0-bin\mvn_repositry\mvn_repository\com\fasterxml\jackson\dataformat\jackson-dataformat-yaml\2.11.4\jackson-dataformat-yaml-2.11.4.jar;F:\develop\apache-maven-3.6.0-bin\mvn_repositry\mvn_repository\com\google\guava\guava\27.0.1-android\guava-27.0.1-android.jar;F:\develop\apache-maven-3.6.0-bin\mvn_repositry\mvn_repository\com\google\guava\failureaccess\1.0.1\failureaccess-1.0.1.jar;F:\develop\apache-maven-3.6.0-bin\mvn_repositry\mvn_repository\com\google\guava\listenablefuture\9999.0-empty-to-avoid-conflict-with-guava\listenablefuture-9999.0-empty-to-avoid-conflict-with-guava.jar;F:\develop\apache-maven-3.6.0-bin\mvn_repositry\mvn_repository\com\google\code\findbugs\jsr305\3.0.2\jsr305-3.0.2.jar;F:\develop\apache-maven-3.6.0-bin\mvn_repositry\mvn_repository\org\checkerframework\checker-compat-qual\2.5.2\checker-compat-qual-2.5.2.jar;F:\develop\apache-maven-3.6.0-bin\mvn_repositry\mvn_repository\com\google\errorprone\error_prone_annotations\2.2.0\error_prone_annotations-2.2.0.jar;F:\develop\apache-maven-3.6.0-bin\mvn_repositry\mvn_repository\com\google\j2objc\j2objc-annotations\1.1\j2objc-annotations-1.1.jar;F:\develop\apache-maven-3.6.0-bin\mvn_repositry\mvn_repository\org\codehaus\mojo\animal-sniffer-annotations\1.17\animal-sniffer-annotations-1.17.jar;F:\develop\apache-maven-3.6.0-bin\mvn_repositry\mvn_repository\javax\validation\validation-api\2.0.1.Final\validation-api-2.0.1.Final.jar;F:\develop\apache-maven-3.6.0-bin\mvn_repositry\mvn_repository\io\springfox\springfox-boot-starter\3.0.0\springfox-boot-starter-3.0.0.jar;F:\develop\apache-maven-3.6.0-bin\mvn_repositry\mvn_repository\io\springfox\springfox-data-rest\3.0.0\springfox-data-rest-3.0.0.jar;F:\develop\apache-maven-3.6.0-bin\mvn_repositry\mvn_repository\com\fasterxml\classmate\1.5.1\classmate-1.5.1.jar;F:\develop\apache-maven-3.6.0-bin\mvn_repositry\mvn_repository\org\springframework\plugin\spring-plugin-core\2.0.0.RELEASE\spring-plugin-core-2.0.0.RELEASE.jar;F:\develop\apache-maven-3.6.0-bin\mvn_repositry\mvn_repository\org\springframework\plugin\spring-plugin-metadata\2.0.0.RELEASE\spring-plugin-metadata-2.0.0.RELEASE.jar;F:\develop\apache-maven-3.6.0-bin\mvn_repositry\mvn_repository\com\github\xiaoymin\knife4j-spring-ui\3.0.2\knife4j-spring-ui-3.0.2.jar;"/>
    <property name="java.vm.vendor" value="Oracle Corporation"/>
    <property name="sun.arch.data.model" value="64"/>
    <property name="user.variant" value=""/>
    <property name="java.vendor.url" value="http://java.oracle.com/"/>
    <property name="user.timezone" value="Asia/Shanghai"/>
    <property name="java.vm.specification.version" value="1.8"/>
    <property name="os.name" value="Windows 10"/>
    <property name="user.country" value="CN"/>
    <property name="sun.java.launcher" value="SUN_STANDARD"/>
    <property name="sun.boot.library.path" value="F:\develop\jdk8\jre\bin"/>
    <property name="sun.java.command" value="C:\Users\axing\AppData\Local\Temp\surefire6840292524945157645\surefirebooter6409349288206500256.jar C:\Users\axing\AppData\Local\Temp\surefire6840292524945157645 2023-01-25T18-05-16_688-jvmRun1 surefire8075766444205057204tmp surefire_08037520027615301675tmp"/>
    <property name="surefire.test.class.path" value="E:\java项目\SpringBoot瑞吉外卖\reggie_take_out\target\test-classes;E:\java项目\SpringBoot瑞吉外卖\reggie_take_out\target\classes;F:\develop\apache-maven-3.6.0-bin\mvn_repositry\mvn_repository\org\springframework\boot\spring-boot-starter\2.4.5\spring-boot-starter-2.4.5.jar;F:\develop\apache-maven-3.6.0-bin\mvn_repositry\mvn_repository\org\springframework\boot\spring-boot\2.4.5\spring-boot-2.4.5.jar;F:\develop\apache-maven-3.6.0-bin\mvn_repositry\mvn_repository\org\springframework\spring-context\5.3.6\spring-context-5.3.6.jar;F:\develop\apache-maven-3.6.0-bin\mvn_repositry\mvn_repository\org\springframework\boot\spring-boot-autoconfigure\2.4.5\spring-boot-autoconfigure-2.4.5.jar;F:\develop\apache-maven-3.6.0-bin\mvn_repositry\mvn_repository\org\springframework\boot\spring-boot-starter-logging\2.4.5\spring-boot-starter-logging-2.4.5.jar;F:\develop\apache-maven-3.6.0-bin\mvn_repositry\mvn_repository\ch\qos\logback\logback-classic\1.2.3\logback-classic-1.2.3.jar;F:\develop\apache-maven-3.6.0-bin\mvn_repositry\mvn_repository\ch\qos\logback\logback-core\1.2.3\logback-core-1.2.3.jar;F:\develop\apache-maven-3.6.0-bin\mvn_repositry\mvn_repository\org\apache\logging\log4j\log4j-to-slf4j\2.13.3\log4j-to-slf4j-2.13.3.jar;F:\develop\apache-maven-3.6.0-bin\mvn_repositry\mvn_repository\org\apache\logging\log4j\log4j-api\2.13.3\log4j-api-2.13.3.jar;F:\develop\apache-maven-3.6.0-bin\mvn_repositry\mvn_repository\org\slf4j\jul-to-slf4j\1.7.30\jul-to-slf4j-1.7.30.jar;F:\develop\apache-maven-3.6.0-bin\mvn_repositry\mvn_repository\jakarta\annotation\jakarta.annotation-api\1.3.5\jakarta.annotation-api-1.3.5.jar;F:\develop\apache-maven-3.6.0-bin\mvn_repositry\mvn_repository\org\springframework\spring-core\5.3.6\spring-core-5.3.6.jar;F:\develop\apache-maven-3.6.0-bin\mvn_repositry\mvn_repository\org\springframework\spring-jcl\5.3.6\spring-jcl-5.3.6.jar;F:\develop\apache-maven-3.6.0-bin\mvn_repositry\mvn_repository\org\yaml\snakeyaml\1.27\snakeyaml-1.27.jar;F:\develop\apache-maven-3.6.0-bin\mvn_repositry\mvn_repository\org\springframework\boot\spring-boot-starter-test\2.4.5\spring-boot-starter-test-2.4.5.jar;F:\develop\apache-maven-3.6.0-bin\mvn_repositry\mvn_repository\org\springframework\boot\spring-boot-test\2.4.5\spring-boot-test-2.4.5.jar;F:\develop\apache-maven-3.6.0-bin\mvn_repositry\mvn_repository\org\springframework\boot\spring-boot-test-autoconfigure\2.4.5\spring-boot-test-autoconfigure-2.4.5.jar;F:\develop\apache-maven-3.6.0-bin\mvn_repositry\mvn_repository\com\jayway\jsonpath\json-path\2.4.0\json-path-2.4.0.jar;F:\develop\apache-maven-3.6.0-bin\mvn_repositry\mvn_repository\net\minidev\json-smart\2.3\json-smart-2.3.jar;F:\develop\apache-maven-3.6.0-bin\mvn_repositry\mvn_repository\net\minidev\accessors-smart\1.2\accessors-smart-1.2.jar;F:\develop\apache-maven-3.6.0-bin\mvn_repositry\mvn_repository\org\ow2\asm\asm\5.0.4\asm-5.0.4.jar;F:\develop\apache-maven-3.6.0-bin\mvn_repositry\mvn_repository\jakarta\xml\bind\jakarta.xml.bind-api\2.3.3\jakarta.xml.bind-api-2.3.3.jar;F:\develop\apache-maven-3.6.0-bin\mvn_repositry\mvn_repository\jakarta\activation\jakarta.activation-api\1.2.2\jakarta.activation-api-1.2.2.jar;F:\develop\apache-maven-3.6.0-bin\mvn_repositry\mvn_repository\org\assertj\assertj-core\3.18.1\assertj-core-3.18.1.jar;F:\develop\apache-maven-3.6.0-bin\mvn_repositry\mvn_repository\org\hamcrest\hamcrest\2.2\hamcrest-2.2.jar;F:\develop\apache-maven-3.6.0-bin\mvn_repositry\mvn_repository\org\junit\jupiter\junit-jupiter\5.7.1\junit-jupiter-5.7.1.jar;F:\develop\apache-maven-3.6.0-bin\mvn_repositry\mvn_repository\org\junit\jupiter\junit-jupiter-api\5.7.1\junit-jupiter-api-5.7.1.jar;F:\develop\apache-maven-3.6.0-bin\mvn_repositry\mvn_repository\org\apiguardian\apiguardian-api\1.1.0\apiguardian-api-1.1.0.jar;F:\develop\apache-maven-3.6.0-bin\mvn_repositry\mvn_repository\org\opentest4j\opentest4j\1.2.0\opentest4j-1.2.0.jar;F:\develop\apache-maven-3.6.0-bin\mvn_repositry\mvn_repository\org\junit\platform\junit-platform-commons\1.7.1\junit-platform-commons-1.7.1.jar;F:\develop\apache-maven-3.6.0-bin\mvn_repositry\mvn_repository\org\junit\jupiter\junit-jupiter-params\5.7.1\junit-jupiter-params-5.7.1.jar;F:\develop\apache-maven-3.6.0-bin\mvn_repositry\mvn_repository\org\junit\jupiter\junit-jupiter-engine\5.7.1\junit-jupiter-engine-5.7.1.jar;F:\develop\apache-maven-3.6.0-bin\mvn_repositry\mvn_repository\org\junit\platform\junit-platform-engine\1.7.1\junit-platform-engine-1.7.1.jar;F:\develop\apache-maven-3.6.0-bin\mvn_repositry\mvn_repository\org\mockito\mockito-core\3.6.28\mockito-core-3.6.28.jar;F:\develop\apache-maven-3.6.0-bin\mvn_repositry\mvn_repository\net\bytebuddy\byte-buddy\1.10.22\byte-buddy-1.10.22.jar;F:\develop\apache-maven-3.6.0-bin\mvn_repositry\mvn_repository\net\bytebuddy\byte-buddy-agent\1.10.22\byte-buddy-agent-1.10.22.jar;F:\develop\apache-maven-3.6.0-bin\mvn_repositry\mvn_repository\org\objenesis\objenesis\3.1\objenesis-3.1.jar;F:\develop\apache-maven-3.6.0-bin\mvn_repositry\mvn_repository\org\mockito\mockito-junit-jupiter\3.6.28\mockito-junit-jupiter-3.6.28.jar;F:\develop\apache-maven-3.6.0-bin\mvn_repositry\mvn_repository\org\skyscreamer\jsonassert\1.5.0\jsonassert-1.5.0.jar;F:\develop\apache-maven-3.6.0-bin\mvn_repositry\mvn_repository\com\vaadin\external\google\android-json\0.0.20131108.vaadin1\android-json-0.0.20131108.vaadin1.jar;F:\develop\apache-maven-3.6.0-bin\mvn_repositry\mvn_repository\org\springframework\spring-test\5.3.6\spring-test-5.3.6.jar;F:\develop\apache-maven-3.6.0-bin\mvn_repositry\mvn_repository\org\xmlunit\xmlunit-core\2.7.0\xmlunit-core-2.7.0.jar;F:\develop\apache-maven-3.6.0-bin\mvn_repositry\mvn_repository\org\springframework\boot\spring-boot-starter-web\2.4.5\spring-boot-starter-web-2.4.5.jar;F:\develop\apache-maven-3.6.0-bin\mvn_repositry\mvn_repository\org\springframework\boot\spring-boot-starter-json\2.4.5\spring-boot-starter-json-2.4.5.jar;F:\develop\apache-maven-3.6.0-bin\mvn_repositry\mvn_repository\com\fasterxml\jackson\core\jackson-databind\2.11.4\jackson-databind-2.11.4.jar;F:\develop\apache-maven-3.6.0-bin\mvn_repositry\mvn_repository\com\fasterxml\jackson\core\jackson-annotations\2.11.4\jackson-annotations-2.11.4.jar;F:\develop\apache-maven-3.6.0-bin\mvn_repositry\mvn_repository\com\fasterxml\jackson\core\jackson-core\2.11.4\jackson-core-2.11.4.jar;F:\develop\apache-maven-3.6.0-bin\mvn_repositry\mvn_repository\com\fasterxml\jackson\datatype\jackson-datatype-jdk8\2.11.4\jackson-datatype-jdk8-2.11.4.jar;F:\develop\apache-maven-3.6.0-bin\mvn_repositry\mvn_repository\com\fasterxml\jackson\datatype\jackson-datatype-jsr310\2.11.4\jackson-datatype-jsr310-2.11.4.jar;F:\develop\apache-maven-3.6.0-bin\mvn_repositry\mvn_repository\com\fasterxml\jackson\module\jackson-module-parameter-names\2.11.4\jackson-module-parameter-names-2.11.4.jar;F:\develop\apache-maven-3.6.0-bin\mvn_repositry\mvn_repository\org\springframework\boot\spring-boot-starter-tomcat\2.4.5\spring-boot-starter-tomcat-2.4.5.jar;F:\develop\apache-maven-3.6.0-bin\mvn_repositry\mvn_repository\org\apache\tomcat\embed\tomcat-embed-core\9.0.45\tomcat-embed-core-9.0.45.jar;F:\develop\apache-maven-3.6.0-bin\mvn_repositry\mvn_repository\org\glassfish\jakarta.el\3.0.3\jakarta.el-3.0.3.jar;F:\develop\apache-maven-3.6.0-bin\mvn_repositry\mvn_repository\org\apache\tomcat\embed\tomcat-embed-websocket\9.0.45\tomcat-embed-websocket-9.0.45.jar;F:\develop\apache-maven-3.6.0-bin\mvn_repositry\mvn_repository\org\springframework\spring-web\5.3.6\spring-web-5.3.6.jar;F:\develop\apache-maven-3.6.0-bin\mvn_repositry\mvn_repository\org\springframework\spring-beans\5.3.6\spring-beans-5.3.6.jar;F:\develop\apache-maven-3.6.0-bin\mvn_repositry\mvn_repository\org\springframework\spring-webmvc\5.3.6\spring-webmvc-5.3.6.jar;F:\develop\apache-maven-3.6.0-bin\mvn_repositry\mvn_repository\org\springframework\spring-aop\5.3.6\spring-aop-5.3.6.jar;F:\develop\apache-maven-3.6.0-bin\mvn_repositry\mvn_repository\org\springframework\spring-expression\5.3.6\spring-expression-5.3.6.jar;F:\develop\apache-maven-3.6.0-bin\mvn_repositry\mvn_repository\com\baomidou\mybatis-plus-boot-starter\3.4.2\mybatis-plus-boot-starter-3.4.2.jar;F:\develop\apache-maven-3.6.0-bin\mvn_repositry\mvn_repository\com\baomidou\mybatis-plus\3.4.2\mybatis-plus-3.4.2.jar;F:\develop\apache-maven-3.6.0-bin\mvn_repositry\mvn_repository\com\baomidou\mybatis-plus-extension\3.4.2\mybatis-plus-extension-3.4.2.jar;F:\develop\apache-maven-3.6.0-bin\mvn_repositry\mvn_repository\com\baomidou\mybatis-plus-core\3.4.2\mybatis-plus-core-3.4.2.jar;F:\develop\apache-maven-3.6.0-bin\mvn_repositry\mvn_repository\com\baomidou\mybatis-plus-annotation\3.4.2\mybatis-plus-annotation-3.4.2.jar;F:\develop\apache-maven-3.6.0-bin\mvn_repositry\mvn_repository\com\github\jsqlparser\jsqlparser\4.0\jsqlparser-4.0.jar;F:\develop\apache-maven-3.6.0-bin\mvn_repositry\mvn_repository\org\mybatis\mybatis\3.5.6\mybatis-3.5.6.jar;F:\develop\apache-maven-3.6.0-bin\mvn_repositry\mvn_repository\org\mybatis\mybatis-spring\2.0.5\mybatis-spring-2.0.5.jar;F:\develop\apache-maven-3.6.0-bin\mvn_repositry\mvn_repository\org\springframework\boot\spring-boot-starter-jdbc\2.4.5\spring-boot-starter-jdbc-2.4.5.jar;F:\develop\apache-maven-3.6.0-bin\mvn_repositry\mvn_repository\com\zaxxer\HikariCP\3.4.5\HikariCP-3.4.5.jar;F:\develop\apache-maven-3.6.0-bin\mvn_repositry\mvn_repository\org\springframework\spring-jdbc\5.3.6\spring-jdbc-5.3.6.jar;F:\develop\apache-maven-3.6.0-bin\mvn_repositry\mvn_repository\org\projectlombok\lombok\1.18.20\lombok-1.18.20.jar;F:\develop\apache-maven-3.6.0-bin\mvn_repositry\mvn_repository\com\alibaba\fastjson\1.2.76\fastjson-1.2.76.jar;F:\develop\apache-maven-3.6.0-bin\mvn_repositry\mvn_repository\commons-lang\commons-lang\2.6\commons-lang-2.6.jar;F:\develop\apache-maven-3.6.0-bin\mvn_repositry\mvn_repository\mysql\mysql-connector-java\8.0.23\mysql-connector-java-8.0.23.jar;F:\develop\apache-maven-3.6.0-bin\mvn_repositry\mvn_repository\com\alibaba\druid-spring-boot-starter\1.1.23\druid-spring-boot-starter-1.1.23.jar;F:\develop\apache-maven-3.6.0-bin\mvn_repositry\mvn_repository\com\alibaba\druid\1.1.23\druid-1.1.23.jar;F:\develop\apache-maven-3.6.0-bin\mvn_repositry\mvn_repository\org\slf4j\slf4j-api\1.7.30\slf4j-api-1.7.30.jar;F:\develop\apache-maven-3.6.0-bin\mvn_repositry\mvn_repository\com\aliyun\aliyun-java-sdk-core\4.5.16\aliyun-java-sdk-core-4.5.16.jar;F:\develop\apache-maven-3.6.0-bin\mvn_repositry\mvn_repository\com\google\code\gson\gson\2.8.6\gson-2.8.6.jar;F:\develop\apache-maven-3.6.0-bin\mvn_repositry\mvn_repository\org\apache\httpcomponents\httpclient\4.5.13\httpclient-4.5.13.jar;F:\develop\apache-maven-3.6.0-bin\mvn_repositry\mvn_repository\commons-codec\commons-codec\1.15\commons-codec-1.15.jar;F:\develop\apache-maven-3.6.0-bin\mvn_repositry\mvn_repository\org\apache\httpcomponents\httpcore\4.4.14\httpcore-4.4.14.jar;F:\develop\apache-maven-3.6.0-bin\mvn_repositry\mvn_repository\commons-logging\commons-logging\1.2\commons-logging-1.2.jar;F:\develop\apache-maven-3.6.0-bin\mvn_repositry\mvn_repository\javax\xml\bind\jaxb-api\2.3.1\jaxb-api-2.3.1.jar;F:\develop\apache-maven-3.6.0-bin\mvn_repositry\mvn_repository\javax\activation\javax.activation-api\1.2.0\javax.activation-api-1.2.0.jar;F:\develop\apache-maven-3.6.0-bin\mvn_repositry\mvn_repository\org\jacoco\org.jacoco.agent\0.8.6\org.jacoco.agent-0.8.6-runtime.jar;F:\develop\apache-maven-3.6.0-bin\mvn_repositry\mvn_repository\org\ini4j\ini4j\0.5.4\ini4j-0.5.4.jar;F:\develop\apache-maven-3.6.0-bin\mvn_repositry\mvn_repository\io\opentracing\opentracing-api\0.33.0\opentracing-api-0.33.0.jar;F:\develop\apache-maven-3.6.0-bin\mvn_repositry\mvn_repository\io\opentracing\opentracing-util\0.33.0\opentracing-util-0.33.0.jar;F:\develop\apache-maven-3.6.0-bin\mvn_repositry\mvn_repository\io\opentracing\opentracing-noop\0.33.0\opentracing-noop-0.33.0.jar;F:\develop\apache-maven-3.6.0-bin\mvn_repositry\mvn_repository\com\aliyun\aliyun-java-sdk-dysmsapi\2.1.0\aliyun-java-sdk-dysmsapi-2.1.0.jar;F:\develop\apache-maven-3.6.0-bin\mvn_repositry\mvn_repository\org\springframework\boot\spring-boot-starter-data-redis\2.4.5\spring-boot-starter-data-redis-2.4.5.jar;F:\develop\apache-maven-3.6.0-bin\mvn_repositry\mvn_repository\org\springframework\data\spring-data-redis\2.4.8\spring-data-redis-2.4.8.jar;F:\develop\apache-maven-3.6.0-bin\mvn_repositry\mvn_repository\org\springframework\data\spring-data-keyvalue\2.4.8\spring-data-keyvalue-2.4.8.jar;F:\develop\apache-maven-3.6.0-bin\mvn_repositry\mvn_repository\org\springframework\data\spring-data-commons\2.4.8\spring-data-commons-2.4.8.jar;F:\develop\apache-maven-3.6.0-bin\mvn_repositry\mvn_repository\org\springframework\spring-tx\5.3.6\spring-tx-5.3.6.jar;F:\develop\apache-maven-3.6.0-bin\mvn_repositry\mvn_repository\org\springframework\spring-oxm\5.3.6\spring-oxm-5.3.6.jar;F:\develop\apache-maven-3.6.0-bin\mvn_repositry\mvn_repository\io\lettuce\lettuce-core\6.0.4.RELEASE\lettuce-core-6.0.4.RELEASE.jar;F:\develop\apache-maven-3.6.0-bin\mvn_repositry\mvn_repository\io\netty\netty-common\4.1.63.Final\netty-common-4.1.63.Final.jar;F:\develop\apache-maven-3.6.0-bin\mvn_repositry\mvn_repository\io\netty\netty-handler\4.1.63.Final\netty-handler-4.1.63.Final.jar;F:\develop\apache-maven-3.6.0-bin\mvn_repositry\mvn_repository\io\netty\netty-resolver\4.1.63.Final\netty-resolver-4.1.63.Final.jar;F:\develop\apache-maven-3.6.0-bin\mvn_repositry\mvn_repository\io\netty\netty-buffer\4.1.63.Final\netty-buffer-4.1.63.Final.jar;F:\develop\apache-maven-3.6.0-bin\mvn_repositry\mvn_repository\io\netty\netty-codec\4.1.63.Final\netty-codec-4.1.63.Final.jar;F:\develop\apache-maven-3.6.0-bin\mvn_repositry\mvn_repository\io\netty\netty-transport\4.1.63.Final\netty-transport-4.1.63.Final.jar;F:\develop\apache-maven-3.6.0-bin\mvn_repositry\mvn_repository\io\projectreactor\reactor-core\3.4.5\reactor-core-3.4.5.jar;F:\develop\apache-maven-3.6.0-bin\mvn_repositry\mvn_repository\org\reactivestreams\reactive-streams\1.0.3\reactive-streams-1.0.3.jar;F:\develop\apache-maven-3.6.0-bin\mvn_repositry\mvn_repository\org\springframework\boot\spring-boot-starter-cache\2.4.5\spring-boot-starter-cache-2.4.5.jar;F:\develop\apache-maven-3.6.0-bin\mvn_repositry\mvn_repository\org\springframework\spring-context-support\5.3.6\spring-context-support-5.3.6.jar;F:\develop\apache-maven-3.6.0-bin\mvn_repositry\mvn_repository\com\github\xiaoymin\knife4j-spring-boot-starter\3.0.2\knife4j-spring-boot-starter-3.0.2.jar;F:\develop\apache-maven-3.6.0-bin\mvn_repositry\mvn_repository\com\github\xiaoymin\knife4j-spring-boot-autoconfigure\3.0.2\knife4j-spring-boot-autoconfigure-3.0.2.jar;F:\develop\apache-maven-3.6.0-bin\mvn_repositry\mvn_repository\com\github\xiaoymin\knife4j-spring\3.0.2\knife4j-spring-3.0.2.jar;F:\develop\apache-maven-3.6.0-bin\mvn_repositry\mvn_repository\com\github\xiaoymin\knife4j-annotations\3.0.2\knife4j-annotations-3.0.2.jar;F:\develop\apache-maven-3.6.0-bin\mvn_repositry\mvn_repository\io\swagger\swagger-annotations\1.5.22\swagger-annotations-1.5.22.jar;F:\develop\apache-maven-3.6.0-bin\mvn_repositry\mvn_repository\io\swagger\core\v3\swagger-annotations\2.1.2\swagger-annotations-2.1.2.jar;F:\develop\apache-maven-3.6.0-bin\mvn_repositry\mvn_repository\com\github\xiaoymin\knife4j-core\3.0.2\knife4j-core-3.0.2.jar;F:\develop\apache-maven-3.6.0-bin\mvn_repositry\mvn_repository\org\javassist\javassist\3.25.0-GA\javassist-3.25.0-GA.jar;F:\develop\apache-maven-3.6.0-bin\mvn_repositry\mvn_repository\io\springfox\springfox-swagger2\3.0.0\springfox-swagger2-3.0.0.jar;F:\develop\apache-maven-3.6.0-bin\mvn_repositry\mvn_repository\io\springfox\springfox-spi\3.0.0\springfox-spi-3.0.0.jar;F:\develop\apache-maven-3.6.0-bin\mvn_repositry\mvn_repository\io\springfox\springfox-schema\3.0.0\springfox-schema-3.0.0.jar;F:\develop\apache-maven-3.6.0-bin\mvn_repositry\mvn_repository\io\springfox\springfox-swagger-common\3.0.0\springfox-swagger-common-3.0.0.jar;F:\develop\apache-maven-3.6.0-bin\mvn_repositry\mvn_repository\io\springfox\springfox-spring-web\3.0.0\springfox-spring-web-3.0.0.jar;F:\develop\apache-maven-3.6.0-bin\mvn_repositry\mvn_repository\io\github\classgraph\classgraph\4.8.83\classgraph-4.8.83.jar;F:\develop\apache-maven-3.6.0-bin\mvn_repositry\mvn_repository\io\springfox\springfox-spring-webflux\3.0.0\springfox-spring-webflux-3.0.0.jar;F:\develop\apache-maven-3.6.0-bin\mvn_repositry\mvn_repository\org\mapstruct\mapstruct\1.3.1.Final\mapstruct-1.3.1.Final.jar;F:\develop\apache-maven-3.6.0-bin\mvn_repositry\mvn_repository\io\springfox\springfox-spring-webmvc\3.0.0\springfox-spring-webmvc-3.0.0.jar;F:\develop\apache-maven-3.6.0-bin\mvn_repositry\mvn_repository\io\springfox\springfox-core\3.0.0\springfox-core-3.0.0.jar;F:\develop\apache-maven-3.6.0-bin\mvn_repositry\mvn_repository\io\springfox\springfox-oas\3.0.0\springfox-oas-3.0.0.jar;F:\develop\apache-maven-3.6.0-bin\mvn_repositry\mvn_repository\io\swagger\core\v3\swagger-models\2.1.2\swagger-models-2.1.2.jar;F:\develop\apache-maven-3.6.0-bin\mvn_repositry\mvn_repository\io\springfox\springfox-bean-validators\3.0.0\springfox-bean-validators-3.0.0.jar;F:\develop\apache-maven-3.6.0-bin\mvn_repositry\mvn_repository\io\swagger\swagger-models\1.5.22\swagger-models-1.5.22.jar;F:\develop\apache-maven-3.6.0-bin\mvn_repositry\mvn_repository\io\swagger\swagger-core\1.5.22\swagger-core-1.5.22.jar;F:\develop\apache-maven-3.6.0-bin\mvn_repositry\mvn_repository\org\apache\commons\commons-lang3\3.11\commons-lang3-3.11.jar;F:\develop\apache-maven-3.6.0-bin\mvn_repositry\mvn_repository\com\fasterxml\jackson\dataformat\jackson-dataformat-yaml\2.11.4\jackson-dataformat-yaml-2.11.4.jar;F:\develop\apache-maven-3.6.0-bin\mvn_repositry\mvn_repository\com\google\guava\guava\27.0.1-android\guava-27.0.1-android.jar;F:\develop\apache-maven-3.6.0-bin\mvn_repositry\mvn_repository\com\google\guava\failureaccess\1.0.1\failureaccess-1.0.1.jar;F:\develop\apache-maven-3.6.0-bin\mvn_repositry\mvn_repository\com\google\guava\listenablefuture\9999.0-empty-to-avoid-conflict-with-guava\listenablefuture-9999.0-empty-to-avoid-conflict-with-guava.jar;F:\develop\apache-maven-3.6.0-bin\mvn_repositry\mvn_repository\com\google\code\findbugs\jsr305\3.0.2\jsr305-3.0.2.jar;F:\develop\apache-maven-3.6.0-bin\mvn_repositry\mvn_repository\org\checkerframework\checker-compat-qual\2.5.2\checker-compat-qual-2.5.2.jar;F:\develop\apache-maven-3.6.0-bin\mvn_repositry\mvn_repository\com\google\errorprone\error_prone_annotations\2.2.0\error_prone_annotations-2.2.0.jar;F:\develop\apache-maven-3.6.0-bin\mvn_repositry\mvn_repository\com\google\j2objc\j2objc-annotations\1.1\j2objc-annotations-1.1.jar;F:\develop\apache-maven-3.6.0-bin\mvn_repositry\mvn_repository\org\codehaus\mojo\animal-sniffer-annotations\1.17\animal-sniffer-annotations-1.17.jar;F:\develop\apache-maven-3.6.0-bin\mvn_repositry\mvn_repository\javax\validation\validation-api\2.0.1.Final\validation-api-2.0.1.Final.jar;F:\develop\apache-maven-3.6.0-bin\mvn_repositry\mvn_repository\io\springfox\springfox-boot-starter\3.0.0\springfox-boot-starter-3.0.0.jar;F:\develop\apache-maven-3.6.0-bin\mvn_repositry\mvn_repository\io\springfox\springfox-data-rest\3.0.0\springfox-data-rest-3.0.0.jar;F:\develop\apache-maven-3.6.0-bin\mvn_repositry\mvn_repository\com\fasterxml\classmate\1.5.1\classmate-1.5.1.jar;F:\develop\apache-maven-3.6.0-bin\mvn_repositry\mvn_repository\org\springframework\plugin\spring-plugin-core\2.0.0.RELEASE\spring-plugin-core-2.0.0.RELEASE.jar;F:\develop\apache-maven-3.6.0-bin\mvn_repositry\mvn_repository\org\springframework\plugin\spring-plugin-metadata\2.0.0.RELEASE\spring-plugin-metadata-2.0.0.RELEASE.jar;F:\develop\apache-maven-3.6.0-bin\mvn_repositry\mvn_repository\com\github\xiaoymin\knife4j-spring-ui\3.0.2\knife4j-spring-ui-3.0.2.jar;"/>
    <property name="sun.cpu.endian" value="little"/>
    <property name="user.home" value="C:\Users\axing"/>
    <property name="user.language" value="zh"/>
    <property name="java.specification.vendor" value="Oracle Corporation"/>
    <property name="java.home" value="F:\develop\jdk8\jre"/>
    <property name="basedir" value="E:\java项目\SpringBoot瑞吉外卖\reggie_take_out"/>
    <property name="file.separator" value="\"/>
    <property name="line.separator" value="&#10;"/>
    <property name="java.vm.specification.vendor" value="Oracle Corporation"/>
    <property name="java.specification.name" value="Java Platform API Specification"/>
    <property name="java.awt.graphicsenv" value="sun.awt.Win32GraphicsEnvironment"/>
    <property name="surefire.real.class.path" value="C:\Users\axing\AppData\Local\Temp\surefire6840292524945157645\surefirebooter6409349288206500256.jar"/>
    <property name="sun.boot.class.path" value="F:\develop\jdk8\jre\lib\resources.jar;F:\develop\jdk8\jre\lib\rt.jar;F:\develop\jdk8\jre\lib\sunrsasign.jar;F:\develop\jdk8\jre\lib\jsse.jar;F:\develop\jdk8\jre\lib\jce.jar;F:\develop\jdk8\jre\lib\charsets.jar;F:\develop\jdk8\jre\lib\jfr.jar;F:\develop\jdk8\jre\classes"/>
    <property name="user.script" value=""/>
    <property name="sun.management.compiler" value="HotSpot 64-Bit Tiered Compilers"/>
    <property name="java.runtime.version" value="1.8.0_221-b11"/>
    <property name="user.name" value="axing"/>
    <property name="path.separator" value=";"/>
    <property name="os.version" value="10.0"/>
    <property name="java.endorsed.dirs" value="F:\develop\jdk8\jre\lib\endorsed"/>
    <property name="java.runtime.name" value="Java(TM) SE Runtime Environment"/>
    <property name="file.encoding" value="GBK"/>
    <property name="java.vm.name" value="Java HotSpot(TM) 64-Bit Server VM"/>
    <property name="localRepository" value="F:\develop\apache-maven-3.6.0-bin\mvn_repositry\mvn_repository"/>
    <property name="java.vendor.url.bug" value="http://bugreport.sun.com/bugreport/"/>
    <property name="java.io.tmpdir" value="C:\Users\axing\AppData\Local\Temp\"/>
    <property name="idea.version" value="2022.2"/>
    <property name="java.version" value="1.8.0_221"/>
    <property name="user.dir" value="E:\java项目\SpringBoot瑞吉外卖\reggie_take_out"/>
    <property name="os.arch" value="amd64"/>
    <property name="java.vm.specification.name" value="Java Virtual Machine Specification"/>
    <property name="java.awt.printerjob" value="sun.awt.windows.WPrinterJob"/>
    <property name="sun.os.patch.level" value=""/>
    <property name="java.library.path" value="F:\develop\jdk8\jre\bin;C:\Windows\Sun\Java\bin;C:\Windows\system32;C:\Windows;C:\Windows\system32;F:\develop\jdk8\bin;C:\Windows;C:\Windows\System32\Wbem;C:\Windows\System32\WindowsPowerShell\v1.0\;C:\Windows\System32\OpenSSH\;F:\develop\Git\cmd;F:\software\xshell7\;F:\develop\jdk8\jre\bin;F:\develop\nodejs\;C:\Program Files\NVIDIA Corporation\NVIDIA NvDLISR;C:\Program Files (x86)\NVIDIA Corporation\PhysX\Common;C:\Program Files\dotnet\;F:\develop\gradle-5.6.2-bin\gradle-5.6.2\bin;;F:\software\微信web开发者工具\dll;C:\Program Files\TortoiseGit\bin;C:\Users\axing\AppData\Local\Microsoft\WindowsApps;F:\IntelliJ IDEA 2022.2\bin;;F:\develop\jdk8\bin;F:\develop\jdk8\jre\bin;F:\Program Files\Microsoft VS Code\bin;C:\Users\axing\AppData\Roaming\npm;F:\PyCharm 2022.2\bin;;F:\develop\gradle-5.6.2-bin\gradle-5.6.2\bin;;."/>
    <property name="java.vm.info" value="mixed mode"/>
    <property name="java.vendor" value="Oracle Corporation"/>
    <property name="java.vm.version" value="25.221-b11"/>
    <property name="java.ext.dirs" value="F:\develop\jdk8\jre\lib\ext;C:\Windows\Sun\Java\lib\ext"/>
    <property name="sun.io.unicode.encoding" value="UnicodeLittle"/>
    <property name="maven.repo.local" value="F:\develop\apache-maven-3.6.0-bin\mvn_repositry\mvn_repository"/>
    <property name="java.class.version" value="52.0"/>
  </properties>
  <testcase name="test1" classname="com.itheima.test.UploadFileTest" time="0.017"/>
</testsuite>